Arguments: 
  C:\Program Files\nodejs\node.exe C:\Program Files (x86)\Yarn\bin\yarn.js add react-native-paper

PATH: 
  C:\Users\ELVER\AppData\Local\Programs\Python\Python37\Scripts\;C:\Users\ELVER\AppData\Local\Programs\Python\Python37\;C:\Python310\Scripts\;C:\Python310\;C:\Program Files (x86)\Common Files\Oracle\Java\javapath;C:\RoboDK\Python37\Scripts\;C:\RoboDK\Python37\;C:\ProgramData\Oracle\Java\javapath;C:\WINDOWS\system32;C:\WINDOWS;C:\WINDOWS\System32\Wbem;C:\WINDOWS\System32\WindowsPowerShell\v1.0\;C:\WINDOWS\System32\OpenSSH\;C:\Program Files (x86)\Brackets\command;C:\Users\ELVER\AppData\Roaming\Microsoft\Windows\Start Menu\Programs\Python 3.9;C:\Program Files\Git\cmd;C:\xampp\php;C:\composer;C:\Users\ELVER\AppData\Roaming\nvm;C:\Program Files\nodejs;PATH=C:\Program Files\OpenJDK\openjdk-8u332-b09\bin;PATH=%ANDROID_HOME%\emulator;PATH=%ANDROID_HOME%\tools;PATH=%ANDROID_HOME%\tools\bin;PATH=%ANDROID_HOME%\platform-tools;C:\ProgramData\chocolatey\bin;;C:\Program Files (x86)\Yarn\bin\;C:\Program Files\OpenJDK\openjdk-8u332-b09\bin;C:\Program Files\nodejs\;C:\Users\ELVER\AppData\Local\Microsoft\WindowsApps;C:\Users\ELVER\AppData\Local\Programs\Microsoft VS Code\bin;C:\Users\ELVER\AppData\Roaming\Composer\vendor\bin;C:\Users\ELVER\AppData\Roaming\nvm;C:\Program Files\nodejs;C:\Users\ELVER\AppData\Local\Yarn\bin;C:\Users\ELVER\AppData\Roaming\npm;C:\Program Files\MongoDB\Server\5.0\bin;C:\Users\ELVER\AppData\Local\Android\Sdk\platform-tools;

Yarn version: 
  1.22.19

Node version: 
  16.16.0

Platform: 
  win32 x64

Trace: 
  Error: EPERM: operation not permitted, unlink 'C:\Users\ELVER\Desktop\App\mobile\phantogram\node_modules\bufferutil\prebuilds\win32-x64\node.napi.node'

npm manifest: 
  {
    "name": "phantogram",
    "version": "1.0.0",
    "main": "node_modules/expo/AppEntry.js",
    "scripts": {
      "start": "expo start",
      "android": "expo start --android",
      "ios": "expo start --ios",
      "web": "expo start --web",
      "eject": "expo eject",
      "format": "prettier --write \"**/*.{js,jsx}\""
    },
    "dependencies": {
      "@react-native-async-storage/async-storage": "^1.17.7",
      "@react-navigation/bottom-tabs": "^6.3.2",
      "@react-navigation/native": "^6.0.11",
      "@react-navigation/stack": "^6.2.2",
      "@reduxjs/toolkit": "^1.8.3",
      "@supabase/supabase-js": "^1.35.4",
      "babel-plugin-inline-dotenv": "^1.7.0",
      "dotenv": "^16.0.1",
      "expo": "~45.0.0",
      "expo-linear-gradient": "^11.3.0",
      "expo-status-bar": "~1.3.0",
      "formik": "^2.2.9",
      "prettier": "^2.7.1",
      "react": "17.0.2",
      "react-dom": "17.0.2",
      "react-native": "0.68.2",
      "react-native-elements": "^3.4.2",
      "react-native-gesture-handler": "~2.2.1",
      "react-native-safe-area-context": "^3.4.1",
      "react-native-url-polyfill": "^1.3.0",
      "react-native-vector-icons": "^9.2.0",
      "react-native-web": "0.17.7",
      "react-redux": "^8.0.2",
      "yup": "^0.32.11"
    },
    "devDependencies": {
      "@babel/core": "^7.12.9"
    },
    "private": true
  }

yarn manifest: 
  No manifest

Lockfile: 
  No lockfile
